Arguments: 
  C:\Program Files\nodejs\node.exe C:\Program Files (x86)\Yarn\bin\yarn.js add @Shopify/dragable

PATH: 
  C:\Users\DevOps\bin;C:\Program Files\Git\mingw64\bin;C:\Program Files\Git\usr\local\bin;C:\Program Files\Git\usr\bin;C:\Program Files\Git\usr\bin;C:\Program Files\Git\mingw64\bin;C:\Program Files\Git\usr\bin;C:\Users\DevOps\bin;C:\Program Files (x86)\NVIDIA Corporation\PhysX\Common;C:\Program Files (x86)\Common Files\Oracle\Java\javapath;C:\Program Files (x86)\Intel\iCLS Client;C:\Program Files\Intel\iCLS Client;C:\WINDOWS\system32;C:\WINDOWS;C:\WINDOWS\System32\Wbem;C:\WINDOWS\System32\WindowsPowerShell\v1.0;C:\Program Files (x86)\Intel\Intel(R) Management Engine Components\DAL;C:\Program Files\Intel\Intel(R) Management Engine Components\DAL;C:\Program Files (x86)\Intel\Intel(R) Management Engine Components\IPT;C:\Program Files\Intel\Intel(R) Management Engine Components\IPT;C:\Program Files\Intel\WiFi\bin;C:\Program Files\Common Files\Intel\WirelessCommon;C:\WINDOWS\System32\OpenSSH;C:\Program Files\Amazon\AWSCLI;C:\Program Files (x86)\GitExtensions;C:\Program Files (x86)\IVI Foundation\VISA\WinNT\Bin;C:\Program Files\dotnet;C:\Program Files\PuTTY;C:\Program Files (x86)\Yarn\bin;C:\Program Files\nodejs;C:\ProgramData\chocolatey\bin;C:\Python\Scripts;C:\Python;C:\Users\DevOps\AppData\Local\Microsoft\WindowsApps;C:\Users\DevOps\AppData\Local\GitHubDesktop\bin;C:\Users\DevOps\AppData\Local\atom\bin;C:\Users\DevOps\AppData\Local\Yarn\bin;C:\Users\DevOps\AppData\Roaming\npm;C:\Users\DevOps\AppData\Local\Programs\Microsoft VS Code\bin;C:\Program Files\Git\usr\bin\vendor_perl;C:\Program Files\Git\usr\bin\core_perl

Yarn version: 
  1.16.0

Node version: 
  10.16.0

Platform: 
  win32 x64

Trace: 
  Error: https://registry.yarnpkg.com/@Shopify%2fdragable: Not found
      at Request.params.callback [as _callback] (C:\Program Files (x86)\Yarn\lib\cli.js:65200:18)
      at Request.self.callback (C:\Program Files (x86)\Yarn\lib\cli.js:129590:22)
      at Request.emit (events.js:198:13)
      at Request.<anonymous> (C:\Program Files (x86)\Yarn\lib\cli.js:130562:10)
      at Request.emit (events.js:198:13)
      at IncomingMessage.<anonymous> (C:\Program Files (x86)\Yarn\lib\cli.js:130484:12)
      at Object.onceWrapper (events.js:286:20)
      at IncomingMessage.emit (events.js:203:15)
      at endReadableNT (_stream_readable.js:1129:12)
      at process._tickCallback (internal/process/next_tick.js:63:19)

npm manifest: 
  No manifest

yarn manifest: 
  No manifest

Lockfile: 
  No lockfile
